c:\users\natan\session 6 polymtl\inf2705\tp2-inf2705\src\build\x64\debug\vc143.pdb
c:\users\natan\session 6 polymtl\inf2705\tp2-inf2705\src\build\x64\debug\vc143.idb
c:\users\natan\session 6 polymtl\inf2705\tp2-inf2705\src\build\x64\debug\uniform_buffer.obj
c:\users\natan\session 6 polymtl\inf2705\tp2-inf2705\src\build\x64\debug\textures.obj
c:\users\natan\session 6 polymtl\inf2705\tp2-inf2705\src\build\x64\debug\shader_program.obj
c:\users\natan\session 6 polymtl\inf2705\tp2-inf2705\src\build\x64\debug\shaders.obj
c:\users\natan\session 6 polymtl\inf2705\tp2-inf2705\src\build\x64\debug\model.obj
c:\users\natan\session 6 polymtl\inf2705\tp2-inf2705\src\build\x64\debug\main.obj
c:\users\natan\session 6 polymtl\inf2705\tp2-inf2705\src\build\x64\debug\car.obj
c:\users\natan\session 6 polymtl\inf2705\tp2-inf2705\src\build\x64\debug\imgui_widgets.obj
c:\users\natan\session 6 polymtl\inf2705\tp2-inf2705\src\build\x64\debug\imgui_tables.obj
c:\users\natan\session 6 polymtl\inf2705\tp2-inf2705\src\build\x64\debug\imgui_impl_opengl3.obj
c:\users\natan\session 6 polymtl\inf2705\tp2-inf2705\src\build\x64\debug\imgui_draw.obj
c:\users\natan\session 6 polymtl\inf2705\tp2-inf2705\src\build\x64\debug\imgui_demo.obj
c:\users\natan\session 6 polymtl\inf2705\tp2-inf2705\src\build\x64\debug\imgui.obj
c:\users\natan\session 6 polymtl\inf2705\tp2-inf2705\src\build\x64\debug\tp.exe
c:\users\natan\session 6 polymtl\inf2705\tp2-inf2705\src\build\x64\debug\tp.pdb
c:\users\natan\session 6 polymtl\inf2705\tp2-inf2705\src\build\x64\debug\glbindingd.dll
c:\users\natan\session 6 polymtl\inf2705\tp2-inf2705\src\build\x64\debug\sfml-graphics-d-3.dll
c:\users\natan\session 6 polymtl\inf2705\tp2-inf2705\src\build\x64\debug\sfml-window-d-3.dll
c:\users\natan\session 6 polymtl\inf2705\tp2-inf2705\src\build\x64\debug\sfml-system-d-3.dll
c:\users\natan\session 6 polymtl\inf2705\tp2-inf2705\src\build\x64\debug\freetyped.dll
c:\users\natan\session 6 polymtl\inf2705\tp2-inf2705\src\build\x64\debug\zlibd1.dll
c:\users\natan\session 6 polymtl\inf2705\tp2-inf2705\src\build\x64\debug\bz2d.dll
c:\users\natan\session 6 polymtl\inf2705\tp2-inf2705\src\build\x64\debug\libpng16d.dll
c:\users\natan\session 6 polymtl\inf2705\tp2-inf2705\src\build\x64\debug\brotlidec.dll
c:\users\natan\session 6 polymtl\inf2705\tp2-inf2705\src\build\x64\debug\brotlicommon.dll
c:\users\natan\session 6 polymtl\inf2705\tp2-inf2705\src\build\x64\debug\tp.ilk
c:\users\natan\session 6 polymtl\inf2705\tp2-inf2705\src\build\x64\debug\tp.vcxproj.filelistabsolute.txt
c:\users\natan\session 6 polymtl\inf2705\tp2-inf2705\src\build\x64\debug\tp.tlog\cl.command.1.tlog
c:\users\natan\session 6 polymtl\inf2705\tp2-inf2705\src\build\x64\debug\tp.tlog\cl.items.tlog
c:\users\natan\session 6 polymtl\inf2705\tp2-inf2705\src\build\x64\debug\tp.tlog\cl.read.1.tlog
c:\users\natan\session 6 polymtl\inf2705\tp2-inf2705\src\build\x64\debug\tp.tlog\cl.write.1.tlog
c:\users\natan\session 6 polymtl\inf2705\tp2-inf2705\src\build\x64\debug\tp.tlog\link.command.1.tlog
c:\users\natan\session 6 polymtl\inf2705\tp2-inf2705\src\build\x64\debug\tp.tlog\link.read.1.tlog
c:\users\natan\session 6 polymtl\inf2705\tp2-inf2705\src\build\x64\debug\tp.tlog\link.secondary.1.tlog
c:\users\natan\session 6 polymtl\inf2705\tp2-inf2705\src\build\x64\debug\tp.tlog\link.write.1.tlog
c:\users\natan\session 6 polymtl\inf2705\tp2-inf2705\src\build\x64\debug\tp.tlog\tp.write.1u.tlog
