  imgui.cpp
  imgui_demo.cpp
  imgui_draw.cpp
  imgui_impl_opengl3.cpp
  imgui_tables.cpp
  imgui_widgets.cpp
  car.cpp
C:\Users\natan\Session 6 polymtl\INF2705\TP2-INF2705\src\car.cpp(1,1): warning C4828: The file contains a character starting at offset 0xf08 that is illegal in the current source character set (codepage 65001).
C:\Users\natan\Session 6 polymtl\INF2705\TP2-INF2705\src\car.cpp(1,1): warning C4828: The file contains a character starting at offset 0xf1a that is illegal in the current source character set (codepage 65001).
C:\Users\natan\Session 6 polymtl\INF2705\TP2-INF2705\src\car.cpp(1,1): warning C4828: The file contains a character starting at offset 0xf94 that is illegal in the current source character set (codepage 65001).
C:\Users\natan\Session 6 polymtl\INF2705\TP2-INF2705\src\car.cpp(1,1): warning C4828: The file contains a character starting at offset 0xfac that is illegal in the current source character set (codepage 65001).
C:\Users\natan\Session 6 polymtl\INF2705\TP2-INF2705\src\car.cpp(1,1): warning C4828: The file contains a character starting at offset 0xffe that is illegal in the current source character set (codepage 65001).
C:\Users\natan\Session 6 polymtl\INF2705\TP2-INF2705\src\car.cpp(1,1): warning C4828: The file contains a character starting at offset 0x1038 that is illegal in the current source character set (codepage 65001).
C:\Users\natan\Session 6 polymtl\INF2705\TP2-INF2705\src\car.cpp(1,1): warning C4828: The file contains a character starting at offset 0x1048 that is illegal in the current source character set (codepage 65001).
C:\Users\natan\Session 6 polymtl\INF2705\TP2-INF2705\src\car.cpp(1,1): warning C4828: The file contains a character starting at offset 0x1051 that is illegal in the current source character set (codepage 65001).
C:\Users\natan\Session 6 polymtl\INF2705\TP2-INF2705\src\car.cpp(1,1): warning C4828: The file contains a character starting at offset 0x10a2 that is illegal in the current source character set (codepage 65001).
C:\Users\natan\Session 6 polymtl\INF2705\TP2-INF2705\src\car.cpp(1,1): warning C4828: The file contains a character starting at offset 0x10c7 that is illegal in the current source character set (codepage 65001).
C:\Users\natan\Session 6 polymtl\INF2705\TP2-INF2705\src\car.cpp(1,1): warning C4828: The file contains a character starting at offset 0x10ec that is illegal in the current source character set (codepage 65001).
C:\Users\natan\Session 6 polymtl\INF2705\TP2-INF2705\src\car.cpp(1,1): warning C4828: The file contains a character starting at offset 0x10fa that is illegal in the current source character set (codepage 65001).
C:\Users\natan\Session 6 polymtl\INF2705\TP2-INF2705\src\car.cpp(1,1): warning C4828: The file contains a character starting at offset 0x1145 that is illegal in the current source character set (codepage 65001).
C:\Users\natan\Session 6 polymtl\INF2705\TP2-INF2705\src\car.cpp(1,1): warning C4828: The file contains a character starting at offset 0x115c that is illegal in the current source character set (codepage 65001).
C:\Users\natan\Session 6 polymtl\INF2705\TP2-INF2705\src\car.cpp(1,1): warning C4828: The file contains a character starting at offset 0x1166 that is illegal in the current source character set (codepage 65001).
C:\Users\natan\Session 6 polymtl\INF2705\TP2-INF2705\src\car.cpp(1,1): warning C4828: The file contains a character starting at offset 0x1178 that is illegal in the current source character set (codepage 65001).
C:\Users\natan\Session 6 polymtl\INF2705\TP2-INF2705\src\car.cpp(1,1): warning C4828: The file contains a character starting at offset 0x1193 that is illegal in the current source character set (codepage 65001).
C:\Users\natan\Session 6 polymtl\INF2705\TP2-INF2705\src\car.cpp(1,1): warning C4828: The file contains a character starting at offset 0x11b5 that is illegal in the current source character set (codepage 65001).
C:\Users\natan\Session 6 polymtl\INF2705\TP2-INF2705\src\car.cpp(1,1): warning C4828: The file contains a character starting at offset 0x11bd that is illegal in the current source character set (codepage 65001).
C:\Users\natan\Session 6 polymtl\INF2705\TP2-INF2705\src\car.cpp(1,1): warning C4828: The file contains a character starting at offset 0x12ac that is illegal in the current source character set (codepage 65001).
C:\Users\natan\Session 6 polymtl\INF2705\TP2-INF2705\src\car.cpp(1,1): warning C4828: The file contains a character starting at offset 0x1328 that is illegal in the current source character set (codepage 65001).
C:\Users\natan\Session 6 polymtl\INF2705\TP2-INF2705\src\car.cpp(1,1): warning C4828: The file contains a character starting at offset 0x1330 that is illegal in the current source character set (codepage 65001).
C:\Users\natan\Session 6 polymtl\INF2705\TP2-INF2705\src\car.cpp(1,1): warning C4828: The file contains a character starting at offset 0x135e that is illegal in the current source character set (codepage 65001).
C:\Users\natan\Session 6 polymtl\INF2705\TP2-INF2705\src\car.cpp(1,1): warning C4828: The file contains a character starting at offset 0x1401 that is illegal in the current source character set (codepage 65001).
C:\Users\natan\Session 6 polymtl\INF2705\TP2-INF2705\src\car.cpp(1,1): warning C4828: The file contains a character starting at offset 0x1ed6 that is illegal in the current source character set (codepage 65001).
C:\Users\natan\Session 6 polymtl\INF2705\TP2-INF2705\src\car.cpp(1,1): warning C4828: The file contains a character starting at offset 0x1eec that is illegal in the current source character set (codepage 65001).
C:\Users\natan\Session 6 polymtl\INF2705\TP2-INF2705\src\car.cpp(1,1): warning C4828: The file contains a character starting at offset 0x1ef4 that is illegal in the current source character set (codepage 65001).
C:\Users\natan\Session 6 polymtl\INF2705\TP2-INF2705\src\car.cpp(1,1): warning C4828: The file contains a character starting at offset 0x1efb that is illegal in the current source character set (codepage 65001).
C:\Users\natan\Session 6 polymtl\INF2705\TP2-INF2705\src\car.cpp(1,1): warning C4828: The file contains a character starting at offset 0x200c that is illegal in the current source character set (codepage 65001).
C:\Users\natan\Session 6 polymtl\INF2705\TP2-INF2705\src\car.cpp(1,1): warning C4828: The file contains a character starting at offset 0x2029 that is illegal in the current source character set (codepage 65001).
C:\Users\natan\Session 6 polymtl\INF2705\TP2-INF2705\src\car.cpp(1,1): warning C4828: The file contains a character starting at offset 0x203b that is illegal in the current source character set (codepage 65001).
C:\Users\natan\Session 6 polymtl\INF2705\TP2-INF2705\src\car.cpp(1,1): warning C4828: The file contains a character starting at offset 0x208a that is illegal in the current source character set (codepage 65001).
C:\Users\natan\Session 6 polymtl\INF2705\TP2-INF2705\src\car.cpp(1,1): warning C4828: The file contains a character starting at offset 0x2424 that is illegal in the current source character set (codepage 65001).
C:\Users\natan\Session 6 polymtl\INF2705\TP2-INF2705\src\car.cpp(1,1): warning C4828: The file contains a character starting at offset 0x243a that is illegal in the current source character set (codepage 65001).
C:\Users\natan\Session 6 polymtl\INF2705\TP2-INF2705\src\car.cpp(1,1): warning C4828: The file contains a character starting at offset 0x2442 that is illegal in the current source character set (codepage 65001).
C:\Users\natan\Session 6 polymtl\INF2705\TP2-INF2705\src\car.cpp(1,1): warning C4828: The file contains a character starting at offset 0x2449 that is illegal in the current source character set (codepage 65001).
C:\Users\natan\Session 6 polymtl\INF2705\TP2-INF2705\src\car.cpp(1,1): warning C4828: The file contains a character starting at offset 0x263c that is illegal in the current source character set (codepage 65001).
C:\Users\natan\Session 6 polymtl\INF2705\TP2-INF2705\src\car.cpp(1,1): warning C4828: The file contains a character starting at offset 0x2659 that is illegal in the current source character set (codepage 65001).
C:\Users\natan\Session 6 polymtl\INF2705\TP2-INF2705\src\car.cpp(1,1): warning C4828: The file contains a character starting at offset 0x266b that is illegal in the current source character set (codepage 65001).
C:\Users\natan\Session 6 polymtl\INF2705\TP2-INF2705\src\car.cpp(1,1): warning C4828: The file contains a character starting at offset 0x26c5 that is illegal in the current source character set (codepage 65001).
C:\Users\natan\Session 6 polymtl\INF2705\TP2-INF2705\src\car.cpp(1,1): warning C4828: The file contains a character starting at offset 0x2737 that is illegal in the current source character set (codepage 65001).
C:\Users\natan\Session 6 polymtl\INF2705\TP2-INF2705\src\car.cpp(1,1): warning C4828: The file contains a character starting at offset 0x2754 that is illegal in the current source character set (codepage 65001).
C:\Users\natan\Session 6 polymtl\INF2705\TP2-INF2705\src\car.cpp(1,1): warning C4828: The file contains a character starting at offset 0x2766 that is illegal in the current source character set (codepage 65001).
C:\Users\natan\Session 6 polymtl\INF2705\TP2-INF2705\src\car.cpp(1,1): warning C4828: The file contains a character starting at offset 0x27bf that is illegal in the current source character set (codepage 65001).
C:\Users\natan\Session 6 polymtl\INF2705\TP2-INF2705\src\car.cpp(81,60): warning C4244: '+=': conversion from 'double' to 'float', possible loss of data
  main.cpp
C:\Users\natan\Session 6 polymtl\INF2705\TP2-INF2705\inf2705\utils.hpp(95,103): warning C4244: 'argument': conversion from '_Rep' to 'unsigned int', possible loss of data
C:\Users\natan\Session 6 polymtl\INF2705\TP2-INF2705\inf2705\utils.hpp(95,103): warning C4244:         with
C:\Users\natan\Session 6 polymtl\INF2705\TP2-INF2705\inf2705\utils.hpp(95,103): warning C4244:         [
C:\Users\natan\Session 6 polymtl\INF2705\TP2-INF2705\inf2705\utils.hpp(95,103): warning C4244:             _Rep=std::chrono::system_clock::rep
C:\Users\natan\Session 6 polymtl\INF2705\TP2-INF2705\inf2705\utils.hpp(95,103): warning C4244:         ]
  (compiling source file 'main.cpp')
  
C:\Users\natan\Session 6 polymtl\INF2705\TP2-INF2705\inf2705\OpenGLApplication.hpp(298,43): warning C4244: '=': conversion from 'const T' to 'float', possible loss of data
C:\Users\natan\Session 6 polymtl\INF2705\TP2-INF2705\inf2705\OpenGLApplication.hpp(298,43): warning C4244:         with
C:\Users\natan\Session 6 polymtl\INF2705\TP2-INF2705\inf2705\OpenGLApplication.hpp(298,43): warning C4244:         [
C:\Users\natan\Session 6 polymtl\INF2705\TP2-INF2705\inf2705\OpenGLApplication.hpp(298,43): warning C4244:             T=unsigned int
C:\Users\natan\Session 6 polymtl\INF2705\TP2-INF2705\inf2705\OpenGLApplication.hpp(298,43): warning C4244:         ]
  (compiling source file 'main.cpp')
  
C:\Users\natan\Session 6 polymtl\INF2705\TP2-INF2705\inf2705\OpenGLApplication.hpp(299,43): warning C4244: '=': conversion from 'const T' to 'float', possible loss of data
C:\Users\natan\Session 6 polymtl\INF2705\TP2-INF2705\inf2705\OpenGLApplication.hpp(299,43): warning C4244:         with
C:\Users\natan\Session 6 polymtl\INF2705\TP2-INF2705\inf2705\OpenGLApplication.hpp(299,43): warning C4244:         [
C:\Users\natan\Session 6 polymtl\INF2705\TP2-INF2705\inf2705\OpenGLApplication.hpp(299,43): warning C4244:             T=unsigned int
C:\Users\natan\Session 6 polymtl\INF2705\TP2-INF2705\inf2705\OpenGLApplication.hpp(299,43): warning C4244:         ]
  (compiling source file 'main.cpp')
  
C:\Users\natan\Session 6 polymtl\INF2705\TP2-INF2705\inf2705\OpenGLApplication.hpp(318,54): warning C4244: 'argument': conversion from 'const T' to 'float', possible loss of data
C:\Users\natan\Session 6 polymtl\INF2705\TP2-INF2705\inf2705\OpenGLApplication.hpp(318,54): warning C4244:         with
C:\Users\natan\Session 6 polymtl\INF2705\TP2-INF2705\inf2705\OpenGLApplication.hpp(318,54): warning C4244:         [
C:\Users\natan\Session 6 polymtl\INF2705\TP2-INF2705\inf2705\OpenGLApplication.hpp(318,54): warning C4244:             T=int
C:\Users\natan\Session 6 polymtl\INF2705\TP2-INF2705\inf2705\OpenGLApplication.hpp(318,54): warning C4244:         ]
  (compiling source file 'main.cpp')
  
C:\Users\natan\Session 6 polymtl\INF2705\TP2-INF2705\inf2705\OpenGLApplication.hpp(318,39): warning C4244: 'argument': conversion from 'const T' to 'float', possible loss of data
C:\Users\natan\Session 6 polymtl\INF2705\TP2-INF2705\inf2705\OpenGLApplication.hpp(318,39): warning C4244:         with
C:\Users\natan\Session 6 polymtl\INF2705\TP2-INF2705\inf2705\OpenGLApplication.hpp(318,39): warning C4244:         [
C:\Users\natan\Session 6 polymtl\INF2705\TP2-INF2705\inf2705\OpenGLApplication.hpp(318,39): warning C4244:             T=int
C:\Users\natan\Session 6 polymtl\INF2705\TP2-INF2705\inf2705\OpenGLApplication.hpp(318,39): warning C4244:         ]
  (compiling source file 'main.cpp')
  
C:\Users\natan\Session 6 polymtl\INF2705\TP2-INF2705\inf2705\OpenGLApplication.hpp(360,51): warning C4244: '=': conversion from 'T' to 'float', possible loss of data
C:\Users\natan\Session 6 polymtl\INF2705\TP2-INF2705\inf2705\OpenGLApplication.hpp(360,51): warning C4244:         with
C:\Users\natan\Session 6 polymtl\INF2705\TP2-INF2705\inf2705\OpenGLApplication.hpp(360,51): warning C4244:         [
C:\Users\natan\Session 6 polymtl\INF2705\TP2-INF2705\inf2705\OpenGLApplication.hpp(360,51): warning C4244:             T=unsigned int
C:\Users\natan\Session 6 polymtl\INF2705\TP2-INF2705\inf2705\OpenGLApplication.hpp(360,51): warning C4244:         ]
  (compiling source file 'main.cpp')
  
C:\Users\natan\Session 6 polymtl\INF2705\TP2-INF2705\inf2705\OpenGLApplication.hpp(361,51): warning C4244: '=': conversion from 'T' to 'float', possible loss of data
C:\Users\natan\Session 6 polymtl\INF2705\TP2-INF2705\inf2705\OpenGLApplication.hpp(361,51): warning C4244:         with
C:\Users\natan\Session 6 polymtl\INF2705\TP2-INF2705\inf2705\OpenGLApplication.hpp(361,51): warning C4244:         [
C:\Users\natan\Session 6 polymtl\INF2705\TP2-INF2705\inf2705\OpenGLApplication.hpp(361,51): warning C4244:             T=unsigned int
C:\Users\natan\Session 6 polymtl\INF2705\TP2-INF2705\inf2705\OpenGLApplication.hpp(361,51): warning C4244:         ]
  (compiling source file 'main.cpp')
  
  model.cpp
C:\Users\natan\Session 6 polymtl\INF2705\TP2-INF2705\src\model.cpp(176,31): warning C4267: '=': conversion from 'size_t' to 'gl::GLsizei', possible loss of data
C:\Users\natan\Session 6 polymtl\INF2705\TP2-INF2705\src\model.cpp(64,32): warning C4101: 'e': unreferenced local variable
C:\Users\natan\Session 6 polymtl\INF2705\TP2-INF2705\src\model.cpp(76,32): warning C4101: 'e': unreferenced local variable
C:\Users\natan\Session 6 polymtl\INF2705\TP2-INF2705\src\model.cpp(87,32): warning C4101: 'e': unreferenced local variable
C:\Users\natan\Session 6 polymtl\INF2705\TP2-INF2705\src\model.cpp(206,27): warning C4267: '=': conversion from 'size_t' to 'gl::GLsizei', possible loss of data
  shaders.cpp
  shader_program.cpp
C:\Users\natan\Session 6 polymtl\INF2705\TP2-INF2705\inf2705\utils.hpp(95,103): warning C4244: 'argument': conversion from '_Rep' to 'unsigned int', possible loss of data
C:\Users\natan\Session 6 polymtl\INF2705\TP2-INF2705\inf2705\utils.hpp(95,103): warning C4244:         with
C:\Users\natan\Session 6 polymtl\INF2705\TP2-INF2705\inf2705\utils.hpp(95,103): warning C4244:         [
C:\Users\natan\Session 6 polymtl\INF2705\TP2-INF2705\inf2705\utils.hpp(95,103): warning C4244:             _Rep=std::chrono::system_clock::rep
C:\Users\natan\Session 6 polymtl\INF2705\TP2-INF2705\inf2705\utils.hpp(95,103): warning C4244:         ]
  (compiling source file 'shader_program.cpp')
  
  textures.cpp
  uniform_buffer.cpp
  Generating Code...
  TP.vcxproj -> C:\Users\natan\Session 6 polymtl\INF2705\TP2-INF2705\src\build\x64\Debug\TP.exe
  'pwsh.exe' is not recognized as an internal or external command,
  operable program or batch file.
